<?xml version="1.0" encoding="UTF-8"?>
<!-- Generated by org.testng.reporters.JUnitReportReporter -->
<testsuite hostname="Lakshmi" failures="0" tests="2" name="Mavenjava.restApiTest" time="0.001" errors="0" timestamp="2022-08-07T21:33:31 IST" skipped="0">
  <testcase classname="Mavenjava.restApiTest" name="postjiraTest" time="0.001"/>
  <system-out/>
  <testcase classname="Mavenjava.restApiTest" name="deleteTwitter" time="0.000"/>
  <system-out/>
</testsuite> <!-- Mavenjava.restApiTest -->
