<?xml version="1.0" encoding="UTF-8"?>
<!-- Generated by org.testng.reporters.JUnitReportReporter -->
<testsuite hostname="Lakshmi" failures="0" tests="2" name="Mavenjava.appiumTest" time="0.010" errors="0" timestamp="2022-08-07T21:33:31 IST" skipped="0">
  <testcase classname="Mavenjava.appiumTest" name="AppiumTest" time="0.009"/>
  <system-out/>
  <testcase classname="Mavenjava.appiumTest" name="IOSApps" time="0.001"/>
  <system-out/>
</testsuite> <!-- Mavenjava.appiumTest -->
