<?xml version="1.0" encoding="UTF-8"?>
<!-- Generated by org.testng.reporters.JUnitReportReporter -->
<testsuite hostname="Lakshmi" failures="0" tests="2" name="Mavenjava.seleniumTest" time="0.003" errors="0" timestamp="2022-08-07T21:33:31 IST" skipped="0">
  <testcase classname="Mavenjava.seleniumTest" name="browserAutomation" time="0.001"/>
  <system-out/>
  <testcase classname="Mavenjava.seleniumTest" name="testSelenium" time="0.002"/>
  <system-out/>
</testsuite> <!-- Mavenjava.seleniumTest -->
